[2012-09-19 03:19:50] myapp.DEBUG: <pre class='xdebug-var-dump' dir='ltr'>
<b>object</b>(<i>Taluu\Talus_Works\Application</i>)[<i>2</i>]
  <i>private</i> 'providers' <small>(Silex\Application)</small> <font color='#888a85'>=&gt;</font> 
    <b>array</b> <i>(size=7)</i>
      0 <font color='#888a85'>=&gt;</font> 
        <b>object</b>(<i>Silex\Provider\ValidatorServiceProvider</i>)[<i>28</i>]
      1 <font color='#888a85'>=&gt;</font> 
        <b>object</b>(<i>Silex\Provider\SecurityServiceProvider</i>)[<i>35</i>]
          <i>protected</i> 'fakeRoutes' <font color='#888a85'>=&gt;</font> 
            <b>array</b> <i>(size=0)</i>
              ...
      2 <font color='#888a85'>=&gt;</font> 
        <b>object</b>(<i>Silex\Provider\SessionServiceProvider</i>)[<i>110</i>]
          <i>private</i> 'app' <font color='#888a85'>=&gt;</font> 
            <i>&</i><b>object</b>(<i>Taluu\Talus_Works\Application</i>)[<i>2</i>]
      3 <font color='#888a85'>=&gt;</font> 
        <b>object</b>(<i>Silex\Provider\MonologServiceProvider</i>)[<i>119</i>]
      4 <font color='#888a85'>=&gt;</font> 
        <b>object</b>(<i>Silex\Provider\FormServiceProvider</i>)[<i>123</i>]
      5 <font color='#888a85'>=&gt;</font> 
        <b>object</b>(<i>Silex\Provider\TwigServiceProvider</i>)[<i>124</i>]
      6 <font color='#888a85'>=&gt;</font> 
        <b>object</b>(<i>Silex\Provider\DoctrineServiceProvider</i>)[<i>139</i>]
  <i>private</i> 'booted' <small>(Silex\Application)</small> <font color='#888a85'>=&gt;</font> <small>boolean</small> <font color='#75507b'>false</font>
  <i>private</i> 'beforeDispatched' <small>(Silex\Application)</small> <font color='#888a85'>=&gt;</font> <small>boolean</small> <font color='#75507b'>false</font>
  <i>private</i> 'values' <small>(Pimple)</small> <font color='#888a85'>=&gt;</font> 
    <b>array</b> <i>(size=100)</i>
      'logger' <font color='#888a85'>=&gt;</font> <font color='#3465a4'>null</font>
      'autoloader' <font color='#888a85'>=&gt;</font> 
        <b>object</b>(<i>Closure</i>)[<i>3</i>]
      'routes' <font color='#888a85'>=&gt;</font> 
        <b>object</b>(<i>Closure</i>)[<i>5</i>]
      'controllers' <font color='#888a85'>=&gt;</font> 
        <b>object</b>(<i>Closure</i>)[<i>7</i>]
      'controllers_factory' <font color='#888a85'>=&gt;</font> 
        <b>object</b>(<i>Closure</i>)[<i>8</i>]
      'route_class' <font color='#888a85'>=&gt;</font> <small>string</small> <font color='#cc0000'>'Silex\Route'</font> <i>(length=11)</i>
      'route_factory' <font color='#888a85'>=&gt;</font> 
        <b>object</b>(<i>Closure</i>)[<i>9</i>]
      'exception_handler' <font color='#888a85'>=&gt;</font> 
        <b>object</b>(<i>Closure</i>)[<i>11</i>]
      'dispatcher_class' <font color='#888a85'>=&gt;</font> <small>string</small> <font color='#cc0000'>'Symfony\Component\EventDispatcher\EventDispatcher'</font> <i>(length=49)</i>
      'dispatcher' <font color='#888a85'>=&gt;</font> 
        <b>object</b>(<i>Closure</i>)[<i>13</i>]
      'resolver' <font color='#888a85'>=&gt;</font> 
        <b>object</b>(<i>Closure</i>)[<i>15</i>]
      'kernel' <font color='#888a85'>=&gt;</font> 
        <b>object</b>(<i>Closure</i>)[<i>17</i>]
      'request_context' <font color='#888a85'>=&gt;</font> 
        <b>object</b>(<i>Closure</i>)[<i>19</i>]
      'url_matcher' <font color='#888a85'>=&gt;</font> 
        <b>object</b>(<i>Closure</i>)[<i>21</i>]
      'route_before_middlewares_trigger' <font color='#888a85'>=&gt;</font> 
        <b>object</b>(<i>Closure</i>)[<i>23</i>]
      'route_after_middlewares_trigger' <font color='#888a85'>=&gt;</font> 
        <b>object</b>(<i>Closure</i>)[<i>25</i>]
      'request_error' <font color='#888a85'>=&gt;</font> 
        <b>object</b>(<i>Closure</i>)[<i>27</i>]
      'request' <font color='#888a85'>=&gt;</font> 
        <b>object</b>(<i>Closure</i>)[<i>26</i>]
      'request.http_port' <font color='#888a85'>=&gt;</font> <small>int</small> <font color='#4e9a06'>80</font>
      'request.https_port' <font color='#888a85'>=&gt;</font> <small>int</small> <font color='#4e9a06'>443</font>
      'debug' <font color='#888a85'>=&gt;</font> <small>boolean</small> <font color='#75507b'>true</font>
      'charset' <font color='#888a85'>=&gt;</font> <small>string</small> <font color='#cc0000'>'UTF-8'</font> <i>(length=5)</i>
      'locale' <font color='#888a85'>=&gt;</font> <small>string</small> <font color='#cc0000'>'en'</font> <i>(length=2)</i>
      'validator' <font color='#888a85'>=&gt;</font> 
        <b>object</b>(<i>Closure</i>)[<i>30</i>]
      'validator.mapping.class_metadata_factory' <font color='#888a85'>=&gt;</font> 
        <b>object</b>(<i>Closure</i>)[<i>32</i>]
      'validator.validator_factory' <font color='#888a85'>=&gt;</font> 
        <b>object</b>(<i>Closure</i>)[<i>34</i>]
      'security.role_hierarchy' <font color='#888a85'>=&gt;</font> 
        <b>array</b> <i>(size=0)</i>
          <i><font color='#888a85'>empty</font></i>
      'security.access_rules' <font color='#888a85'>=&gt;</font> 
        <b>array</b> <i>(size=0)</i>
          <i><font color='#888a85'>empty</font></i>
      'security' <font color='#888a85'>=&gt;</font> 
        <b>object</b>(<i>Closure</i>)[<i>37</i>]
      'security.authentication_manager' <font color='#888a85'>=&gt;</font> 
        <b>object</b>(<i>Closure</i>)[<i>39</i>]
      'security.encoder_factory' <font color='#888a85'>=&gt;</font> 
        <b>object</b>(<i>Closure</i>)[<i>41</i>]
      'security.encoder.digest' <font color='#888a85'>=&gt;</font> 
        <b>object</b>(<i>Closure</i>)[<i>43</i>]
      'security.user_checker' <font color='#888a85'>=&gt;</font> 
        <b>object</b>(<i>Closure</i>)[<i>45</i>]
      'security.access_manager' <font color='#888a85'>=&gt;</font> 
        <b>object</b>(<i>Closure</i>)[<i>47</i>]
      'security.voters' <font color='#888a85'>=&gt;</font> 
        <b>object</b>(<i>Closure</i>)[<i>49</i>]
      'security.firewall' <font color='#888a85'>=&gt;</font> 
        <b>object</b>(<i>Closure</i>)[<i>51</i>]
      'security.channel_listener' <font color='#888a85'>=&gt;</font> 
        <b>object</b>(<i>Closure</i>)[<i>53</i>]
      'security.authentication_listener.factory.logout' <font color='#888a85'>=&gt;</font> 
        <b>object</b>(<i>Closure</i>)[<i>55</i>]
      'security.authentication_listener.factory.pre_auth' <font color='#888a85'>=&gt;</font> 
        <b>object</b>(<i>Closure</i>)[<i>57</i>]
      'security.authentication_listener.factory.form' <font color='#888a85'>=&gt;</font> 
        <b>object</b>(<i>Closure</i>)[<i>59</i>]
      'security.authentication_listener.factory.http' <font color='#888a85'>=&gt;</font> 
        <b>object</b>(<i>Closure</i>)[<i>61</i>]
      'security.authentication_listener.factory.remember_me' <font color='#888a85'>=&gt;</font> 
        <b>object</b>(<i>Closure</i>)[<i>63</i>]
      'security.authentication_listener.factory.anonymous' <font color='#888a85'>=&gt;</font> 
        <b>object</b>(<i>Closure</i>)[<i>65</i>]
      'security.firewall_map' <font color='#888a85'>=&gt;</font> 
        <b>object</b>(<i>Closure</i>)[<i>67</i>]
      'security.access_listener' <font color='#888a85'>=&gt;</font> 
        <b>object</b>(<i>Closure</i>)[<i>69</i>]
      'security.access_map' <font color='#888a85'>=&gt;</font> 
        <b>object</b>(<i>Closure</i>)[<i>71</i>]
      'security.trust_resolver' <font color='#888a85'>=&gt;</font> 
        <b>object</b>(<i>Closure</i>)[<i>73</i>]
      'security.session_strategy' <font color='#888a85'>=&gt;</font> 
        <b>object</b>(<i>Closure</i>)[<i>75</i>]
      'security.http_utils' <font color='#888a85'>=&gt;</font> 
        <b>object</b>(<i>Closure</i>)[<i>77</i>]
      'security.last_error' <font color='#888a85'>=&gt;</font> 
        <b>object</b>(<i>Closure</i>)[<i>79</i>]
      'security.context_listener._proto' <font color='#888a85'>=&gt;</font> 
        <b>object</b>(<i>Closure</i>)[<i>81</i>]
      'security.user_provider.inmemory._proto' <font color='#888a85'>=&gt;</font> 
        <b>object</b>(<i>Closure</i>)[<i>83</i>]
      'security.exception_listener._proto' <font color='#888a85'>=&gt;</font> 
        <b>object</b>(<i>Closure</i>)[<i>85</i>]
      'security.authentication.success_handler._proto' <font color='#888a85'>=&gt;</font> 
        <b>object</b>(<i>Closure</i>)[<i>87</i>]
      'security.authentication.failure_handler._proto' <font color='#888a85'>=&gt;</font> 
        <b>object</b>(<i>Closure</i>)[<i>89</i>]
      'security.authentication_listener.form._proto' <font color='#888a85'>=&gt;</font> 
        <b>object</b>(<i>Closure</i>)[<i>91</i>]
      'security.authentication_listener.http._proto' <font color='#888a85'>=&gt;</font> 
        <b>object</b>(<i>Closure</i>)[<i>93</i>]
      'security.authentication_listener.anonymous._proto' <font color='#888a85'>=&gt;</font> 
        <b>object</b>(<i>Closure</i>)[<i>95</i>]
      'security.authentication.logout_handler._proto' <font color='#888a85'>=&gt;</font> 
        <b>object</b>(<i>Closure</i>)[<i>97</i>]
      'security.authentication_listener.logout._proto' <font color='#888a85'>=&gt;</font> 
        <b>object</b>(<i>Closure</i>)[<i>99</i>]
      'security.authentication_listener.switch_user._proto' <font color='#888a85'>=&gt;</font> 
        <b>object</b>(<i>Closure</i>)[<i>101</i>]
      'security.entry_point.form._proto' <font color='#888a85'>=&gt;</font> 
        <b>object</b>(<i>Closure</i>)[<i>103</i>]
      'security.entry_point.http._proto' <font color='#888a85'>=&gt;</font> 
        <b>object</b>(<i>Closure</i>)[<i>105</i>]
      'security.authentication_provider.dao._proto' <font color='#888a85'>=&gt;</font> 
        <b>object</b>(<i>Closure</i>)[<i>107</i>]
      'security.authentication_provider.anonymous._proto' <font color='#888a85'>=&gt;</font> 
        <b>object</b>(<i>Closure</i>)[<i>109</i>]
      'session.test' <font color='#888a85'>=&gt;</font> <small>boolean</small> <font color='#75507b'>false</font>
      'session' <font color='#888a85'>=&gt;</font> 
        <b>object</b>(<i>Closure</i>)[<i>112</i>]
      'session.storage.handler' <font color='#888a85'>=&gt;</font> 
        <b>object</b>(<i>Closure</i>)[<i>114</i>]
      'session.storage.native' <font color='#888a85'>=&gt;</font> 
        <b>object</b>(<i>Closure</i>)[<i>116</i>]
      'session.storage.test' <font color='#888a85'>=&gt;</font> 
        <b>object</b>(<i>Closure</i>)[<i>118</i>]
      'session.storage.options' <font color='#888a85'>=&gt;</font> 
        <b>array</b> <i>(size=0)</i>
          <i><font color='#888a85'>empty</font></i>
      'session.default_locale' <font color='#888a85'>=&gt;</font> <small>string</small> <font color='#cc0000'>'en'</font> <i>(length=2)</i>
      'session.storage.save_path' <font color='#888a85'>=&gt;</font> <font color='#3465a4'>null</font>
      'monolog.logger.class' <font color='#888a85'>=&gt;</font> <small>string</small> <font color='#cc0000'>'Monolog\Logger'</font> <i>(length=14)</i>
      'monolog' <font color='#888a85'>=&gt;</font> 
        <b>object</b>(<i>Closure</i>)[<i>121</i>]
      'monolog.handler' <font color='#888a85'>=&gt;</font> 
        <b>object</b>(<i>Closure</i>)[<i>122</i>]
      'monolog.level' <font color='#888a85'>=&gt;</font> <small>int</small> <font color='#4e9a06'>100</font>
      'monolog.name' <font color='#888a85'>=&gt;</font> <small>string</small> <font color='#cc0000'>'myapp'</font> <i>(length=5)</i>
      'monolog.logfile' <font color='#888a85'>=&gt;</font> <small>string</small> <font color='#cc0000'>'C:\Users\Talus\Developpement\web\talus_works\site\src\Taluu\Talus_Works/Resources/logs/debug.log'</font> <i>(length=96)</i>
      'form.secret' <font color='#888a85'>=&gt;</font> <small>string</small> <font color='#cc0000'>'1bb2d78fa4fbd5f2509856fdad233da2003f815b'</font> <i>(length=40)</i>
      'form.extensions' <font color='#888a85'>=&gt;</font> 
        <b>object</b>(<i>Closure</i>)[<i>126</i>]
      'form.factory' <font color='#888a85'>=&gt;</font> 
        <b>object</b>(<i>Closure</i>)[<i>128</i>]
      'form.csrf_provider' <font color='#888a85'>=&gt;</font> 
        <b>object</b>(<i>Closure</i>)[<i>130</i>]
      'twig.options' <font color='#888a85'>=&gt;</font> 
        <b>array</b> <i>(size=0)</i>
          <i><font color='#888a85'>empty</font></i>
      'twig.form.templates' <font color='#888a85'>=&gt;</font> 
        <b>array</b> <i>(size=1)</i>
          0 <font color='#888a85'>=&gt;</font> <small>string</small> <font color='#cc0000'>'form_div_layout.html.twig'</font> <i>(length=25)</i>
      'twig.path' <font color='#888a85'>=&gt;</font> <small>string</small> <font color='#cc0000'>'C:\Users\Talus\Developpement\web\talus_works\site\src\Taluu\Talus_Works/Resources/views'</font> <i>(length=87)</i>
      'twig.templates' <font color='#888a85'>=&gt;</font> 
        <b>array</b> <i>(size=0)</i>
          <i><font color='#888a85'>empty</font></i>
      'twig' <font color='#888a85'>=&gt;</font> 
        <b>object</b>(<i>Closure</i>)[<i>132</i>]
      'twig.loader.filesystem' <font color='#888a85'>=&gt;</font> 
        <b>object</b>(<i>Closure</i>)[<i>134</i>]
      'twig.loader.array' <font color='#888a85'>=&gt;</font> 
        <b>object</b>(<i>Closure</i>)[<i>136</i>]
      'twig.loader' <font color='#888a85'>=&gt;</font> 
        <b>object</b>(<i>Closure</i>)[<i>138</i>]
      'db.default_options' <font color='#888a85'>=&gt;</font> 
        <b>array</b> <i>(size=5)</i>
          'driver' <font color='#888a85'>=&gt;</font> <small>string</small> <font color='#cc0000'>'pdo_mysql'</font> <i>(length=9)</i>
          'dbname' <font color='#888a85'>=&gt;</font> <font color='#3465a4'>null</font>
          'host' <font color='#888a85'>=&gt;</font> <small>string</small> <font color='#cc0000'>'localhost'</font> <i>(length=9)</i>
          'user' <font color='#888a85'>=&gt;</font> <small>string</small> <font color='#cc0000'>'root'</font> <i>(length=4)</i>
          'password' <font color='#888a85'>=&gt;</font> <font color='#3465a4'>null</font>
      'dbs.options.initializer' <font color='#888a85'>=&gt;</font> 
        <b>object</b>(<i>Closure</i>)[<i>141</i>]
      'dbs' <font color='#888a85'>=&gt;</font> 
        <b>object</b>(<i>Closure</i>)[<i>143</i>]
      'dbs.config' <font color='#888a85'>=&gt;</font> 
        <b>object</b>(<i>Closure</i>)[<i>145</i>]
      'dbs.event_manager' <font color='#888a85'>=&gt;</font> 
        <b>object</b>(<i>Closure</i>)[<i>147</i>]
      'db' <font color='#888a85'>=&gt;</font> 
        <b>object</b>(<i>Closure</i>)[<i>149</i>]
      'db.config' <font color='#888a85'>=&gt;</font> 
        <b>object</b>(<i>Closure</i>)[<i>151</i>]
      'db.event_manager' <font color='#888a85'>=&gt;</font> 
        <b>object</b>(<i>Closure</i>)[<i>153</i>]
      'db.options' <font color='#888a85'>=&gt;</font> 
        <b>array</b> <i>(size=6)</i>
          'driver' <font color='#888a85'>=&gt;</font> <small>string</small> <font color='#cc0000'>'pdo_mysql'</font> <i>(length=9)</i>
          'dbname' <font color='#888a85'>=&gt;</font> <small>string</small> <font color='#cc0000'>'talus_works'</font> <i>(length=11)</i>
          'host' <font color='#888a85'>=&gt;</font> <small>string</small> <font color='#cc0000'>'localhost'</font> <i>(length=9)</i>
          'user' <font color='#888a85'>=&gt;</font> <small>string</small> <font color='#cc0000'>'root'</font> <i>(length=4)</i>
          'password' <font color='#888a85'>=&gt;</font> <font color='#3465a4'>null</font>
          'path' <font color='#888a85'>=&gt;</font> <font color='#3465a4'>null</font>
</pre> [] []
[2012-09-19 03:20:17] myapp.DEBUG: <pre class='xdebug-var-dump' dir='ltr'>
<b>object</b>(<i>Taluu\Talus_Works\Application</i>)[<i>2</i>]
  <i>private</i> 'providers' <small>(Silex\Application)</small> <font color='#888a85'>=&gt;</font> 
    <b>array</b> <i>(size=6)</i>
      0 <font color='#888a85'>=&gt;</font> 
        <b>object</b>(<i>Silex\Provider\ValidatorServiceProvider</i>)[<i>28</i>]
      1 <font color='#888a85'>=&gt;</font> 
        <b>object</b>(<i>Silex\Provider\SessionServiceProvider</i>)[<i>35</i>]
          <i>private</i> 'app' <font color='#888a85'>=&gt;</font> 
            <i>&</i><b>object</b>(<i>Taluu\Talus_Works\Application</i>)[<i>2</i>]
      2 <font color='#888a85'>=&gt;</font> 
        <b>object</b>(<i>Silex\Provider\MonologServiceProvider</i>)[<i>44</i>]
      3 <font color='#888a85'>=&gt;</font> 
        <b>object</b>(<i>Silex\Provider\FormServiceProvider</i>)[<i>48</i>]
      4 <font color='#888a85'>=&gt;</font> 
        <b>object</b>(<i>Silex\Provider\TwigServiceProvider</i>)[<i>49</i>]
      5 <font color='#888a85'>=&gt;</font> 
        <b>object</b>(<i>Silex\Provider\DoctrineServiceProvider</i>)[<i>64</i>]
  <i>private</i> 'booted' <small>(Silex\Application)</small> <font color='#888a85'>=&gt;</font> <small>boolean</small> <font color='#75507b'>false</font>
  <i>private</i> 'beforeDispatched' <small>(Silex\Application)</small> <font color='#888a85'>=&gt;</font> <small>boolean</small> <font color='#75507b'>false</font>
  <i>private</i> 'values' <small>(Pimple)</small> <font color='#888a85'>=&gt;</font> 
    <b>array</b> <i>(size=61)</i>
      'logger' <font color='#888a85'>=&gt;</font> <font color='#3465a4'>null</font>
      'autoloader' <font color='#888a85'>=&gt;</font> 
        <b>object</b>(<i>Closure</i>)[<i>3</i>]
      'routes' <font color='#888a85'>=&gt;</font> 
        <b>object</b>(<i>Closure</i>)[<i>5</i>]
      'controllers' <font color='#888a85'>=&gt;</font> 
        <b>object</b>(<i>Closure</i>)[<i>7</i>]
      'controllers_factory' <font color='#888a85'>=&gt;</font> 
        <b>object</b>(<i>Closure</i>)[<i>8</i>]
      'route_class' <font color='#888a85'>=&gt;</font> <small>string</small> <font color='#cc0000'>'Silex\Route'</font> <i>(length=11)</i>
      'route_factory' <font color='#888a85'>=&gt;</font> 
        <b>object</b>(<i>Closure</i>)[<i>9</i>]
      'exception_handler' <font color='#888a85'>=&gt;</font> 
        <b>object</b>(<i>Closure</i>)[<i>11</i>]
      'dispatcher_class' <font color='#888a85'>=&gt;</font> <small>string</small> <font color='#cc0000'>'Symfony\Component\EventDispatcher\EventDispatcher'</font> <i>(length=49)</i>
      'dispatcher' <font color='#888a85'>=&gt;</font> 
        <b>object</b>(<i>Closure</i>)[<i>13</i>]
      'resolver' <font color='#888a85'>=&gt;</font> 
        <b>object</b>(<i>Closure</i>)[<i>15</i>]
      'kernel' <font color='#888a85'>=&gt;</font> 
        <b>object</b>(<i>Closure</i>)[<i>17</i>]
      'request_context' <font color='#888a85'>=&gt;</font> 
        <b>object</b>(<i>Closure</i>)[<i>19</i>]
      'url_matcher' <font color='#888a85'>=&gt;</font> 
        <b>object</b>(<i>Closure</i>)[<i>21</i>]
      'route_before_middlewares_trigger' <font color='#888a85'>=&gt;</font> 
        <b>object</b>(<i>Closure</i>)[<i>23</i>]
      'route_after_middlewares_trigger' <font color='#888a85'>=&gt;</font> 
        <b>object</b>(<i>Closure</i>)[<i>25</i>]
      'request_error' <font color='#888a85'>=&gt;</font> 
        <b>object</b>(<i>Closure</i>)[<i>27</i>]
      'request' <font color='#888a85'>=&gt;</font> 
        <b>object</b>(<i>Closure</i>)[<i>26</i>]
      'request.http_port' <font color='#888a85'>=&gt;</font> <small>int</small> <font color='#4e9a06'>80</font>
      'request.https_port' <font color='#888a85'>=&gt;</font> <small>int</small> <font color='#4e9a06'>443</font>
      'debug' <font color='#888a85'>=&gt;</font> <small>boolean</small> <font color='#75507b'>true</font>
      'charset' <font color='#888a85'>=&gt;</font> <small>string</small> <font color='#cc0000'>'UTF-8'</font> <i>(length=5)</i>
      'locale' <font color='#888a85'>=&gt;</font> <small>string</small> <font color='#cc0000'>'en'</font> <i>(length=2)</i>
      'validator' <font color='#888a85'>=&gt;</font> 
        <b>object</b>(<i>Closure</i>)[<i>30</i>]
      'validator.mapping.class_metadata_factory' <font color='#888a85'>=&gt;</font> 
        <b>object</b>(<i>Closure</i>)[<i>32</i>]
      'validator.validator_factory' <font color='#888a85'>=&gt;</font> 
        <b>object</b>(<i>Closure</i>)[<i>34</i>]
      'session.test' <font color='#888a85'>=&gt;</font> <small>boolean</small> <font color='#75507b'>false</font>
      'session' <font color='#888a85'>=&gt;</font> 
        <b>object</b>(<i>Closure</i>)[<i>37</i>]
      'session.storage.handler' <font color='#888a85'>=&gt;</font> 
        <b>object</b>(<i>Closure</i>)[<i>39</i>]
      'session.storage.native' <font color='#888a85'>=&gt;</font> 
        <b>object</b>(<i>Closure</i>)[<i>41</i>]
      'session.storage.test' <font color='#888a85'>=&gt;</font> 
        <b>object</b>(<i>Closure</i>)[<i>43</i>]
      'session.storage.options' <font color='#888a85'>=&gt;</font> 
        <b>array</b> <i>(size=0)</i>
          <i><font color='#888a85'>empty</font></i>
      'session.default_locale' <font color='#888a85'>=&gt;</font> <small>string</small> <font color='#cc0000'>'en'</font> <i>(length=2)</i>
      'session.storage.save_path' <font color='#888a85'>=&gt;</font> <font color='#3465a4'>null</font>
      'monolog.logger.class' <font color='#888a85'>=&gt;</font> <small>string</small> <font color='#cc0000'>'Monolog\Logger'</font> <i>(length=14)</i>
      'monolog' <font color='#888a85'>=&gt;</font> 
        <b>object</b>(<i>Closure</i>)[<i>46</i>]
      'monolog.handler' <font color='#888a85'>=&gt;</font> 
        <b>object</b>(<i>Closure</i>)[<i>47</i>]
      'monolog.level' <font color='#888a85'>=&gt;</font> <small>int</small> <font color='#4e9a06'>100</font>
      'monolog.name' <font color='#888a85'>=&gt;</font> <small>string</small> <font color='#cc0000'>'myapp'</font> <i>(length=5)</i>
      'monolog.logfile' <font color='#888a85'>=&gt;</font> <small>string</small> <font color='#cc0000'>'C:\Users\Talus\Developpement\web\talus_works\site\src\Taluu\Talus_Works/Resources/logs/debug.log'</font> <i>(length=96)</i>
      'form.secret' <font color='#888a85'>=&gt;</font> <small>string</small> <font color='#cc0000'>'1bb2d78fa4fbd5f2509856fdad233da2003f815b'</font> <i>(length=40)</i>
      'form.extensions' <font color='#888a85'>=&gt;</font> 
        <b>object</b>(<i>Closure</i>)[<i>51</i>]
      'form.factory' <font color='#888a85'>=&gt;</font> 
        <b>object</b>(<i>Closure</i>)[<i>53</i>]
      'form.csrf_provider' <font color='#888a85'>=&gt;</font> 
        <b>object</b>(<i>Closure</i>)[<i>55</i>]
      'twig.options' <font color='#888a85'>=&gt;</font> 
        <b>array</b> <i>(size=0)</i>
          <i><font color='#888a85'>empty</font></i>
      'twig.form.templates' <font color='#888a85'>=&gt;</font> 
        <b>array</b> <i>(size=1)</i>
          0 <font color='#888a85'>=&gt;</font> <small>string</small> <font color='#cc0000'>'form_div_layout.html.twig'</font> <i>(length=25)</i>
      'twig.path' <font color='#888a85'>=&gt;</font> <small>string</small> <font color='#cc0000'>'C:\Users\Talus\Developpement\web\talus_works\site\src\Taluu\Talus_Works/Resources/views'</font> <i>(length=87)</i>
      'twig.templates' <font color='#888a85'>=&gt;</font> 
        <b>array</b> <i>(size=0)</i>
          <i><font color='#888a85'>empty</font></i>
      'twig' <font color='#888a85'>=&gt;</font> 
        <b>object</b>(<i>Closure</i>)[<i>57</i>]
      'twig.loader.filesystem' <font color='#888a85'>=&gt;</font> 
        <b>object</b>(<i>Closure</i>)[<i>59</i>]
      'twig.loader.array' <font color='#888a85'>=&gt;</font> 
        <b>object</b>(<i>Closure</i>)[<i>61</i>]
      'twig.loader' <font color='#888a85'>=&gt;</font> 
        <b>object</b>(<i>Closure</i>)[<i>63</i>]
      'db.default_options' <font color='#888a85'>=&gt;</font> 
        <b>array</b> <i>(size=5)</i>
          'driver' <font color='#888a85'>=&gt;</font> <small>string</small> <font color='#cc0000'>'pdo_mysql'</font> <i>(length=9)</i>
          'dbname' <font color='#888a85'>=&gt;</font> <font color='#3465a4'>null</font>
          'host' <font color='#888a85'>=&gt;</font> <small>string</small> <font color='#cc0000'>'localhost'</font> <i>(length=9)</i>
          'user' <font color='#888a85'>=&gt;</font> <small>string</small> <font color='#cc0000'>'root'</font> <i>(length=4)</i>
          'password' <font color='#888a85'>=&gt;</font> <font color='#3465a4'>null</font>
      'dbs.options.initializer' <font color='#888a85'>=&gt;</font> 
        <b>object</b>(<i>Closure</i>)[<i>66</i>]
      'dbs' <font color='#888a85'>=&gt;</font> 
        <b>object</b>(<i>Closure</i>)[<i>68</i>]
      'dbs.config' <font color='#888a85'>=&gt;</font> 
        <b>object</b>(<i>Closure</i>)[<i>70</i>]
      'dbs.event_manager' <font color='#888a85'>=&gt;</font> 
        <b>object</b>(<i>Closure</i>)[<i>72</i>]
      'db' <font color='#888a85'>=&gt;</font> 
        <b>object</b>(<i>Closure</i>)[<i>74</i>]
      'db.config' <font color='#888a85'>=&gt;</font> 
        <b>object</b>(<i>Closure</i>)[<i>76</i>]
      'db.event_manager' <font color='#888a85'>=&gt;</font> 
        <b>object</b>(<i>Closure</i>)[<i>78</i>]
      'db.options' <font color='#888a85'>=&gt;</font> 
        <b>array</b> <i>(size=6)</i>
          'driver' <font color='#888a85'>=&gt;</font> <small>string</small> <font color='#cc0000'>'pdo_mysql'</font> <i>(length=9)</i>
          'dbname' <font color='#888a85'>=&gt;</font> <small>string</small> <font color='#cc0000'>'talus_works'</font> <i>(length=11)</i>
          'host' <font color='#888a85'>=&gt;</font> <small>string</small> <font color='#cc0000'>'localhost'</font> <i>(length=9)</i>
          'user' <font color='#888a85'>=&gt;</font> <small>string</small> <font color='#cc0000'>'root'</font> <i>(length=4)</i>
          'password' <font color='#888a85'>=&gt;</font> <font color='#3465a4'>null</font>
          'path' <font color='#888a85'>=&gt;</font> <font color='#3465a4'>null</font>
</pre> [] []
[2012-09-19 03:20:17] myapp.INFO: > GET / [] []
[2012-09-19 03:20:17] myapp.ERROR: No route found for "GET /" [] []
[2012-09-19 03:20:18] myapp.INFO: < 404 [] []
[2012-09-19 03:22:13] myapp.INFO: > GET / [] []
[2012-09-19 03:22:13] myapp.ERROR: No route found for "GET /" [] []
[2012-09-19 03:22:13] myapp.INFO: < 404 [] []
[2012-09-19 03:22:14] myapp.INFO: > GET / [] []
[2012-09-19 03:22:14] myapp.ERROR: No route found for "GET /" [] []
[2012-09-19 03:22:14] myapp.INFO: < 404 [] []
[2012-09-19 03:22:32] myapp.INFO: > GET / [] []
[2012-09-19 03:22:32] myapp.INFO: < 200 [] []
[2012-09-19 03:22:46] myapp.INFO: > GET / [] []
[2012-09-19 03:22:46] myapp.INFO: < 200 [] []
[2012-09-19 03:22:51] myapp.INFO: > GET / [] []
[2012-09-19 03:22:51] myapp.INFO: < 200 [] []
[2012-09-19 03:24:45] myapp.INFO: > GET / [] []
[2012-09-19 03:24:45] myapp.DEBUG: test [] []
[2012-09-19 03:24:45] myapp.INFO: < 200 [] []
