Wed, 08 Jun 2011 13:36:14 {UTC} - Information : Adding route 404 - require() (line 25) - command null [[ 0.003514s ]]
Wed, 08 Jun 2011 13:36:14 {UTC} - Information : Routing - Controller\Front::getController() (line 26) - command null [[ 0.007200s ]]
Wed, 08 Jun 2011 13:36:14 {UTC} - Information : No route found : using the default - Routing\Router->route() (line 140) - command null [[ 0.007988s ]]
Wed, 08 Jun 2011 13:36:14 {UTC} - Information : Trying to start the subcontroller \Controller\Sub\Home - Controller\Front::getController() (line 26) - command / controller:home action:index [[ 0.008612s ]]
Wed, 08 Jun 2011 13:36:14 {UTC} - Information : Loading main content - Controller\Front->__construct() (line 172) - command / controller:home action:index [[ 0.025451s ]]
Wed, 08 Jun 2011 13:36:14 {UTC} - Information : Loading action "index" - Controller\Front->_main() (line 71) - command / controller:home action:index [[ 0.026369s ]]
Wed, 08 Jun 2011 13:36:14 {UTC} - Information : Sending the response to the user - Controller\Front->__construct() (line 172) - command / controller:home action:index [[ 0.027006s ]]
Wed, 08 Jun 2011 13:36:14 {UTC} - Information : Sending header (HTTP/1.1 200 OK, 1, 200) - Http\Header->send() (line 211) - command / controller:home action:index [[ 0.028534s ]]
Wed, 08 Jun 2011 13:36:14 {UTC} - Information : Rendering the template using PHP (version 5.3.6) - Http\Response->render() (line 75) - command / controller:home action:index [[ 0.029411s ]]

Wed, 08 Jun 2011 13:36:22 {UTC} - Information : Adding route 404 - require() (line 25) - command null [[ 0.006229s ]]
Wed, 08 Jun 2011 13:36:22 {UTC} - Information : Routing - Controller\Front::getController() (line 26) - command null [[ 0.012497s ]]
Wed, 08 Jun 2011 13:36:22 {UTC} - Information : No route found : using the default - Routing\Router->route() (line 140) - command null [[ 0.014633s ]]
Wed, 08 Jun 2011 13:36:22 {UTC} - Information : Trying to start the subcontroller \Controller\Sub\Home - Controller\Front::getController() (line 26) - command / controller:home action:index [[ 0.016084s ]]
Wed, 08 Jun 2011 13:36:22 {UTC} - Information : Loading main content - Controller\Front->__construct() (line 172) - command / controller:home action:index [[ 0.018006s ]]
Wed, 08 Jun 2011 13:36:22 {UTC} - Information : Loading action "index" - Controller\Front->_main() (line 71) - command / controller:home action:index [[ 0.019267s ]]
Wed, 08 Jun 2011 13:36:22 {UTC} - Information : Sending the response to the user - Controller\Front->__construct() (line 172) - command / controller:home action:index [[ 0.020327s ]]
Wed, 08 Jun 2011 13:36:22 {UTC} - Information : Sending header (HTTP/1.1 200 OK, 1, 200) - Http\Header->send() (line 211) - command / controller:home action:index [[ 0.021954s ]]
Wed, 08 Jun 2011 13:36:22 {UTC} - Information : Rendering the template using PHP (version 5.3.6) - Http\Response->render() (line 75) - command / controller:home action:index [[ 0.022567s ]]

Wed, 08 Jun 2011 13:36:23 {UTC} - Information : Adding route 404 - require() (line 25) - command null [[ 0.005709s ]]
Wed, 08 Jun 2011 13:36:23 {UTC} - Information : Routing - Controller\Front::getController() (line 26) - command null [[ 0.008936s ]]
Wed, 08 Jun 2011 13:36:23 {UTC} - Information : No route found : using the default - Routing\Router->route() (line 140) - command null [[ 0.009544s ]]
Wed, 08 Jun 2011 13:36:23 {UTC} - Information : Trying to start the subcontroller \Controller\Sub\Home - Controller\Front::getController() (line 26) - command / controller:home action:index [[ 0.010073s ]]
Wed, 08 Jun 2011 13:36:23 {UTC} - Information : Loading main content - Controller\Front->__construct() (line 172) - command / controller:home action:index [[ 0.011085s ]]
Wed, 08 Jun 2011 13:36:23 {UTC} - Information : Loading action "index" - Controller\Front->_main() (line 71) - command / controller:home action:index [[ 0.011941s ]]
Wed, 08 Jun 2011 13:36:23 {UTC} - Information : Sending the response to the user - Controller\Front->__construct() (line 172) - command / controller:home action:index [[ 0.012885s ]]
Wed, 08 Jun 2011 13:36:23 {UTC} - Information : Sending header (HTTP/1.1 200 OK, 1, 200) - Http\Header->send() (line 211) - command / controller:home action:index [[ 0.014652s ]]
Wed, 08 Jun 2011 13:36:23 {UTC} - Information : Rendering the template using PHP (version 5.3.6) - Http\Response->render() (line 75) - command / controller:home action:index [[ 0.015427s ]]

Wed, 08 Jun 2011 13:36:23 {UTC} - Information : Adding route 404 - require() (line 25) - command null [[ 0.007038s ]]
Wed, 08 Jun 2011 13:36:23 {UTC} - Information : Routing - Controller\Front::getController() (line 26) - command null [[ 0.013060s ]]
Wed, 08 Jun 2011 13:36:23 {UTC} - Information : No route found : using the default - Routing\Router->route() (line 140) - command null [[ 0.014157s ]]
Wed, 08 Jun 2011 13:36:23 {UTC} - Information : Trying to start the subcontroller \Controller\Sub\Home - Controller\Front::getController() (line 26) - command / controller:home action:index [[ 0.015181s ]]
Wed, 08 Jun 2011 13:36:23 {UTC} - Information : Loading main content - Controller\Front->__construct() (line 172) - command / controller:home action:index [[ 0.017181s ]]
Wed, 08 Jun 2011 13:36:23 {UTC} - Information : Loading action "index" - Controller\Front->_main() (line 71) - command / controller:home action:index [[ 0.018198s ]]
Wed, 08 Jun 2011 13:36:23 {UTC} - Information : Sending the response to the user - Controller\Front->__construct() (line 172) - command / controller:home action:index [[ 0.019398s ]]
Wed, 08 Jun 2011 13:36:23 {UTC} - Information : Sending header (HTTP/1.1 200 OK, 1, 200) - Http\Header->send() (line 211) - command / controller:home action:index [[ 0.021884s ]]
Wed, 08 Jun 2011 13:36:23 {UTC} - Information : Rendering the template using PHP (version 5.3.6) - Http\Response->render() (line 75) - command / controller:home action:index [[ 0.022972s ]]

Wed, 08 Jun 2011 13:36:23 {UTC} - Information : Adding route 404 - require() (line 25) - command null [[ 0.004664s ]]
Wed, 08 Jun 2011 13:36:23 {UTC} - Information : Routing - Controller\Front::getController() (line 26) - command null [[ 0.007665s ]]
Wed, 08 Jun 2011 13:36:23 {UTC} - Information : No route found : using the default - Routing\Router->route() (line 140) - command null [[ 0.008326s ]]
Wed, 08 Jun 2011 13:36:23 {UTC} - Information : Trying to start the subcontroller \Controller\Sub\Home - Controller\Front::getController() (line 26) - command / controller:home action:index [[ 0.008817s ]]
Wed, 08 Jun 2011 13:36:23 {UTC} - Information : Loading main content - Controller\Front->__construct() (line 172) - command / controller:home action:index [[ 0.009660s ]]
Wed, 08 Jun 2011 13:36:23 {UTC} - Information : Loading action "index" - Controller\Front->_main() (line 71) - command / controller:home action:index [[ 0.010129s ]]
Wed, 08 Jun 2011 13:36:23 {UTC} - Information : Sending the response to the user - Controller\Front->__construct() (line 172) - command / controller:home action:index [[ 0.010584s ]]
Wed, 08 Jun 2011 13:36:23 {UTC} - Information : Sending header (HTTP/1.1 200 OK, 1, 200) - Http\Header->send() (line 211) - command / controller:home action:index [[ 0.011611s ]]
Wed, 08 Jun 2011 13:36:23 {UTC} - Information : Rendering the template using PHP (version 5.3.6) - Http\Response->render() (line 75) - command / controller:home action:index [[ 0.012488s ]]

Wed, 08 Jun 2011 13:36:23 {UTC} - Information : Adding route 404 - require() (line 25) - command null [[ 0.006765s ]]
Wed, 08 Jun 2011 13:36:23 {UTC} - Information : Routing - Controller\Front::getController() (line 26) - command null [[ 0.012890s ]]
Wed, 08 Jun 2011 13:36:23 {UTC} - Information : No route found : using the default - Routing\Router->route() (line 140) - command null [[ 0.013976s ]]
Wed, 08 Jun 2011 13:36:23 {UTC} - Information : Trying to start the subcontroller \Controller\Sub\Home - Controller\Front::getController() (line 26) - command / controller:home action:index [[ 0.014997s ]]
Wed, 08 Jun 2011 13:36:23 {UTC} - Information : Loading main content - Controller\Front->__construct() (line 172) - command / controller:home action:index [[ 0.016788s ]]
Wed, 08 Jun 2011 13:36:23 {UTC} - Information : Loading action "index" - Controller\Front->_main() (line 71) - command / controller:home action:index [[ 0.017578s ]]
Wed, 08 Jun 2011 13:36:23 {UTC} - Information : Sending the response to the user - Controller\Front->__construct() (line 172) - command / controller:home action:index [[ 0.018226s ]]
Wed, 08 Jun 2011 13:36:23 {UTC} - Information : Sending header (HTTP/1.1 200 OK, 1, 200) - Http\Header->send() (line 211) - command / controller:home action:index [[ 0.019493s ]]
Wed, 08 Jun 2011 13:36:23 {UTC} - Information : Rendering the template using PHP (version 5.3.6) - Http\Response->render() (line 75) - command / controller:home action:index [[ 0.020301s ]]

Wed, 08 Jun 2011 13:36:24 {UTC} - Information : Adding route 404 - require() (line 25) - command null [[ 0.008242s ]]
Wed, 08 Jun 2011 13:36:24 {UTC} - Information : Routing - Controller\Front::getController() (line 26) - command null [[ 0.014378s ]]
Wed, 08 Jun 2011 13:36:24 {UTC} - Information : No route found : using the default - Routing\Router->route() (line 140) - command null [[ 0.015654s ]]
Wed, 08 Jun 2011 13:36:24 {UTC} - Information : Trying to start the subcontroller \Controller\Sub\Home - Controller\Front::getController() (line 26) - command / controller:home action:index [[ 0.016675s ]]
Wed, 08 Jun 2011 13:36:24 {UTC} - Information : Loading main content - Controller\Front->__construct() (line 172) - command / controller:home action:index [[ 0.018412s ]]
Wed, 08 Jun 2011 13:36:24 {UTC} - Information : Loading action "index" - Controller\Front->_main() (line 71) - command / controller:home action:index [[ 0.019386s ]]
Wed, 08 Jun 2011 13:36:24 {UTC} - Information : Sending the response to the user - Controller\Front->__construct() (line 172) - command / controller:home action:index [[ 0.020350s ]]
Wed, 08 Jun 2011 13:36:24 {UTC} - Information : Sending header (HTTP/1.1 200 OK, 1, 200) - Http\Header->send() (line 211) - command / controller:home action:index [[ 0.022082s ]]
Wed, 08 Jun 2011 13:36:24 {UTC} - Information : Rendering the template using PHP (version 5.3.6) - Http\Response->render() (line 75) - command / controller:home action:index [[ 0.022948s ]]

Wed, 08 Jun 2011 13:36:24 {UTC} - Information : Adding route 404 - require() (line 25) - command null [[ 0.008966s ]]
Wed, 08 Jun 2011 13:36:24 {UTC} - Information : Routing - Controller\Front::getController() (line 26) - command null [[ 0.015659s ]]
Wed, 08 Jun 2011 13:36:24 {UTC} - Information : No route found : using the default - Routing\Router->route() (line 140) - command null [[ 0.016242s ]]
Wed, 08 Jun 2011 13:36:24 {UTC} - Information : Trying to start the subcontroller \Controller\Sub\Home - Controller\Front::getController() (line 26) - command / controller:home action:index [[ 0.016803s ]]
Wed, 08 Jun 2011 13:36:24 {UTC} - Information : Loading main content - Controller\Front->__construct() (line 172) - command / controller:home action:index [[ 0.017686s ]]
Wed, 08 Jun 2011 13:36:24 {UTC} - Information : Loading action "index" - Controller\Front->_main() (line 71) - command / controller:home action:index [[ 0.018183s ]]
Wed, 08 Jun 2011 13:36:24 {UTC} - Information : Sending the response to the user - Controller\Front->__construct() (line 172) - command / controller:home action:index [[ 0.018641s ]]
Wed, 08 Jun 2011 13:36:24 {UTC} - Information : Sending header (HTTP/1.1 200 OK, 1, 200) - Http\Header->send() (line 211) - command / controller:home action:index [[ 0.019906s ]]
Wed, 08 Jun 2011 13:36:24 {UTC} - Information : Rendering the template using PHP (version 5.3.6) - Http\Response->render() (line 75) - command / controller:home action:index [[ 0.020534s ]]

Wed, 08 Jun 2011 13:36:24 {UTC} - Information : Adding route 404 - require() (line 25) - command null [[ 0.002742s ]]
Wed, 08 Jun 2011 13:36:24 {UTC} - Information : Routing - Controller\Front::getController() (line 26) - command null [[ 0.005694s ]]
Wed, 08 Jun 2011 13:36:24 {UTC} - Information : No route found : using the default - Routing\Router->route() (line 140) - command null [[ 0.006254s ]]
Wed, 08 Jun 2011 13:36:24 {UTC} - Information : Trying to start the subcontroller \Controller\Sub\Home - Controller\Front::getController() (line 26) - command / controller:home action:index [[ 0.006812s ]]
Wed, 08 Jun 2011 13:36:24 {UTC} - Information : Loading main content - Controller\Front->__construct() (line 172) - command / controller:home action:index [[ 0.008761s ]]
Wed, 08 Jun 2011 13:36:24 {UTC} - Information : Loading action "index" - Controller\Front->_main() (line 71) - command / controller:home action:index [[ 0.009334s ]]
Wed, 08 Jun 2011 13:36:24 {UTC} - Information : Sending the response to the user - Controller\Front->__construct() (line 172) - command / controller:home action:index [[ 0.009760s ]]
Wed, 08 Jun 2011 13:36:24 {UTC} - Information : Sending header (HTTP/1.1 200 OK, 1, 200) - Http\Header->send() (line 211) - command / controller:home action:index [[ 0.010746s ]]
Wed, 08 Jun 2011 13:36:24 {UTC} - Information : Rendering the template using PHP (version 5.3.6) - Http\Response->render() (line 75) - command / controller:home action:index [[ 0.011300s ]]

Wed, 08 Jun 2011 13:36:24 {UTC} - Information : Adding route 404 - require() (line 25) - command null [[ 0.003079s ]]
Wed, 08 Jun 2011 13:36:24 {UTC} - Information : Routing - Controller\Front::getController() (line 26) - command null [[ 0.006165s ]]
Wed, 08 Jun 2011 13:36:24 {UTC} - Information : No route found : using the default - Routing\Router->route() (line 140) - command null [[ 0.006770s ]]
Wed, 08 Jun 2011 13:36:24 {UTC} - Information : Trying to start the subcontroller \Controller\Sub\Home - Controller\Front::getController() (line 26) - command / controller:home action:index [[ 0.007457s ]]
Wed, 08 Jun 2011 13:36:24 {UTC} - Information : Loading main content - Controller\Front->__construct() (line 172) - command / controller:home action:index [[ 0.008366s ]]
Wed, 08 Jun 2011 13:36:24 {UTC} - Information : Loading action "index" - Controller\Front->_main() (line 71) - command / controller:home action:index [[ 0.009125s ]]
Wed, 08 Jun 2011 13:36:24 {UTC} - Information : Sending the response to the user - Controller\Front->__construct() (line 172) - command / controller:home action:index [[ 0.010549s ]]
Wed, 08 Jun 2011 13:36:24 {UTC} - Information : Sending header (HTTP/1.1 200 OK, 1, 200) - Http\Header->send() (line 211) - command / controller:home action:index [[ 0.012003s ]]
Wed, 08 Jun 2011 13:36:24 {UTC} - Information : Rendering the template using PHP (version 5.3.6) - Http\Response->render() (line 75) - command / controller:home action:index [[ 0.012681s ]]

Wed, 08 Jun 2011 13:36:24 {UTC} - Information : Adding route 404 - require() (line 25) - command null [[ 0.003765s ]]
Wed, 08 Jun 2011 13:36:24 {UTC} - Information : Routing - Controller\Front::getController() (line 26) - command null [[ 0.009653s ]]
Wed, 08 Jun 2011 13:36:24 {UTC} - Information : No route found : using the default - Routing\Router->route() (line 140) - command null [[ 0.010307s ]]
Wed, 08 Jun 2011 13:36:24 {UTC} - Information : Trying to start the subcontroller \Controller\Sub\Home - Controller\Front::getController() (line 26) - command / controller:home action:index [[ 0.010859s ]]
Wed, 08 Jun 2011 13:36:24 {UTC} - Information : Loading main content - Controller\Front->__construct() (line 172) - command / controller:home action:index [[ 0.011788s ]]
Wed, 08 Jun 2011 13:36:24 {UTC} - Information : Loading action "index" - Controller\Front->_main() (line 71) - command / controller:home action:index [[ 0.012357s ]]
Wed, 08 Jun 2011 13:36:24 {UTC} - Information : Sending the response to the user - Controller\Front->__construct() (line 172) - command / controller:home action:index [[ 0.012916s ]]
Wed, 08 Jun 2011 13:36:24 {UTC} - Information : Sending header (HTTP/1.1 200 OK, 1, 200) - Http\Header->send() (line 211) - command / controller:home action:index [[ 0.013998s ]]
Wed, 08 Jun 2011 13:36:24 {UTC} - Information : Rendering the template using PHP (version 5.3.6) - Http\Response->render() (line 75) - command / controller:home action:index [[ 0.014535s ]]

Wed, 08 Jun 2011 13:36:25 {UTC} - Information : Adding route 404 - require() (line 25) - command null [[ 0.005430s ]]
Wed, 08 Jun 2011 13:36:25 {UTC} - Information : Routing - Controller\Front::getController() (line 26) - command null [[ 0.010018s ]]
Wed, 08 Jun 2011 13:36:25 {UTC} - Information : No route found : using the default - Routing\Router->route() (line 140) - command null [[ 0.010992s ]]
Wed, 08 Jun 2011 13:36:25 {UTC} - Information : Trying to start the subcontroller \Controller\Sub\Home - Controller\Front::getController() (line 26) - command / controller:home action:index [[ 0.011865s ]]
Wed, 08 Jun 2011 13:36:25 {UTC} - Information : Loading main content - Controller\Front->__construct() (line 172) - command / controller:home action:index [[ 0.018210s ]]
Wed, 08 Jun 2011 13:36:25 {UTC} - Information : Loading action "index" - Controller\Front->_main() (line 71) - command / controller:home action:index [[ 0.019265s ]]
Wed, 08 Jun 2011 13:36:25 {UTC} - Information : Sending the response to the user - Controller\Front->__construct() (line 172) - command / controller:home action:index [[ 0.019766s ]]
Wed, 08 Jun 2011 13:36:25 {UTC} - Information : Sending header (HTTP/1.1 200 OK, 1, 200) - Http\Header->send() (line 211) - command / controller:home action:index [[ 0.020835s ]]
Wed, 08 Jun 2011 13:36:25 {UTC} - Information : Rendering the template using PHP (version 5.3.6) - Http\Response->render() (line 75) - command / controller:home action:index [[ 0.021480s ]]

Wed, 08 Jun 2011 14:35:51 {UTC} - Information : Adding route 404 - require() (line 25) - command null [[ 0.005280s ]]
Wed, 08 Jun 2011 14:35:51 {UTC} - Information : Routing - Controller\Front::getController() (line 26) - command null [[ 0.010448s ]]
Wed, 08 Jun 2011 14:35:51 {UTC} - Information : No route found : using the default - Routing\Router->route() (line 140) - command null [[ 0.011571s ]]
Wed, 08 Jun 2011 14:35:51 {UTC} - Information : Trying to start the subcontroller \Controller\Sub\Home - Controller\Front::getController() (line 26) - command / controller:home action:index [[ 0.012617s ]]
Wed, 08 Jun 2011 14:35:51 {UTC} - Information : Loading main content - Controller\Front->__construct() (line 171) - command / controller:home action:index [[ 0.014830s ]]
Wed, 08 Jun 2011 14:35:51 {UTC} - Information : Loading action "index" - Controller\Front->_main() (line 71) - command / controller:home action:index [[ 0.015931s ]]
Wed, 08 Jun 2011 14:35:51 {UTC} - Information : Sending the response to the user - Controller\Front->__construct() (line 171) - command / controller:home action:index [[ 0.016747s ]]
Wed, 08 Jun 2011 14:35:51 {UTC} - Information : Sending header (HTTP/1.1 200 OK, 1, 200) - Http\Header->send() (line 211) - command / controller:home action:index [[ 0.018290s ]]
Wed, 08 Jun 2011 14:35:51 {UTC} - Information : Rendering the template using PHP (version 5.3.6) - Http\Response->render() (line 75) - command / controller:home action:index [[ 0.019280s ]]

Wed, 08 Jun 2011 14:39:36 {UTC} - Information : Adding route 404 - require() (line 25) - command null [[ 0.004330s ]]
Wed, 08 Jun 2011 14:39:36 {UTC} - Information : Routing - Controller\Front::getController() (line 26) - command null [[ 0.008654s ]]
Wed, 08 Jun 2011 14:39:36 {UTC} - Information : No route found : using the default - Routing\Router->route() (line 140) - command null [[ 0.009260s ]]
Wed, 08 Jun 2011 14:39:36 {UTC} - Information : Trying to start the subcontroller \Controller\Sub\Home - Controller\Front::getController() (line 26) - command / controller:home action:index [[ 0.009817s ]]
Wed, 08 Jun 2011 14:39:36 {UTC} - Information : Loading main content - Controller\Front->__construct() (line 177) - command / controller:home action:index [[ 0.011305s ]]
Wed, 08 Jun 2011 14:39:36 {UTC} - Information : Loading action "index" - Controller\Front->_main() (line 71) - command / controller:home action:index [[ 0.013050s ]]
Wed, 08 Jun 2011 14:39:36 {UTC} - Information : Sending the response to the user - Controller\Front->__construct() (line 177) - command / controller:home action:index [[ 0.014205s ]]
Wed, 08 Jun 2011 14:39:36 {UTC} - Information : Sending header (HTTP/1.1 200 OK, 1, 200) - Http\Header->send() (line 211) - command / controller:home action:index [[ 0.016031s ]]
Wed, 08 Jun 2011 14:39:36 {UTC} - Information : Rendering the template using PHP (version 5.3.6) - Http\Response->render() (line 75) - command / controller:home action:index [[ 0.016750s ]]

